<?xml version="1.0" encoding="UTF-8"?>
<!-- Generated by org.testng.reporters.JUnitXMLReporter -->
<testsuite ignored="0" hostname="AVRATNAW-9PYE8" failures="1" tests="3" name="Test" time="0.726" errors="0" timestamp="2020-09-15T17:20:05 IST">
  <testcase classname="testScripts.CommunityLogin" name="openBrowser" time="0.0">
    <skipped/>
  </testcase> <!-- openBrowser -->
  <testcase classname="testScripts.CommunityLogin" name="signUp" time="0.019">
    <failure type="java.lang.NullPointerException">
      <![CDATA[java.lang.NullPointerException
at testScripts.CommunityLogin.signUp(CommunityLogin.java:67)
at java.base/java.util.ArrayList.forEach(ArrayList.java:1540)
... Removed 27 stack frames]]>
    </failure>
  </testcase> <!-- signUp -->
  <testcase classname="testScripts.CommunityLogin" name="verifyMotherTongue" time="0.0">
    <skipped/>
  </testcase> <!-- verifyMotherTongue -->
</testsuite> <!-- Test -->
